Command line:
   tb_ripple_carray_adder_isim_beh.exe
     -simmode  gui
     -simrunnum  0
     -socket  3923

Wed Oct 12 23:29:05 2022


 Elaboration Time: 0.03125 sec

 Current Memory Usage: 5154.45 Meg

 Total Signals          : 39
 Total Nets             : 42
 Total Signal Drivers   : 20
 Total Blocks           : 7
 Total Primitive Blocks : 5
 Total Processes        : 22
 Total Traceable Variables  : 22
 Total Scalar Nets and Variables : 163
Total Line Count : 28

 Total Simulation Time: 0.046875 sec

 Current Memory Usage: 4682.59 Meg

Wed Oct 12 23:31:48 2022

