Command line:
   tb_CLA_32bit_isim_beh.exe
     -simmode  gui
     -simrunnum  0
     -socket  11897

Thu Oct 13 23:29:17 2022


 Elaboration Time: 0.015625 sec

 Current Memory Usage: 5154.88 Meg

 Total Signals          : 101
 Total Nets             : 223
 Total Signal Drivers   : 88
 Total Blocks           : 11
 Total Primitive Blocks : 9
 Total Processes        : 90
 Total Traceable Variables  : 21
 Total Scalar Nets and Variables : 368
Total Line Count : 99

 Total Simulation Time: 0.015625 sec

 Current Memory Usage: 4683.02 Meg

Thu Oct 13 23:37:55 2022

